4924
0 0 7 0
8 0 16 0
17 0 22 1
23 0 33 0
34 0 38 1
39 0 42 2
43 0 53 0
54 0 63 0
64 0 72 0
73 0 83 0
84 0 92 0
93 0 96 2
97 0 102 1
103 0 112 0
113 0 120 0
121 0 128 0
129 0 138 0
139 0 148 0
149 0 156 0
157 0 158 4
159 0 164 1
165 0 174 0
175 0 179 1
180 0 190 0
191 0 199 0
0 1 9 1
10 1 14 2
15 1 16 4
23 1 28 2
29 1 32 2
33 1 33 9
43 1 51 1
52 1 60 1
61 1 72 1
73 1 82 1
83 1 92 1
103 1 110 1
111 1 118 1
119 1 130 1
131 1 141 1
142 1 152 1
153 1 156 3
165 1 168 3
169 1 173 2
174 1 174 10
180 1 182 4
183 1 186 3
187 1 187 10
188 1 188 9
189 1 189 10
190 1 191 5
192 1 193 5
194 1 195 6
196 1 199 3
0 2 4 3
5 2 8 3
9 2 9 12
17 2 22 3
34 2 38 3
43 2 50 2
51 2 61 2
62 2 71 2
72 2 75 3
76 2 87 2
88 2 91 3
92 2 92 10
97 2 107 2
108 2 116 2
117 2 124 2
125 2 132 2
133 2 141 2
142 2 146 3
147 2 151 3
152 2 152 10
159 2 161 5
162 2 163 6
164 2 164 13
175 2 179 3
10 3 14 4
23 3 26 4
27 3 30 5
31 3 32 7
39 3 46 3
47 3 58 3
59 3 66 3
67 3 70 4
71 3 71 11
76 3 80 4
81 3 84 4
85 3 87 6
93 3 101 3
102 3 112 3
113 3 120 3
121 3 128 3
129 3 136 3
137 3 137 13
138 3 141 5
169 3 171 6
172 3 173 7
0 4 8 4
17 4 22 5
34 4 39 5
40 4 51 4
52 4 60 4
61 4 63 7
65 4 65 15
72 4 75 6
88 4 91 6
93 4 100 4
101 4 108 4
109 4 118 4
119 4 130 4
131 4 134 5
135 4 136 7
142 4 150 4
151 4 151 13
153 4 156 5
165 4 168 5
175 4 178 5
183 4 185 7
186 4 186 13
196 4 199 5
0 5 4 6
5 5 8 6
10 5 12 7
13 5 16 7
23 5 24 10
25 5 26 10
40 5 51 5
52 5 60 5
66 5 68 8
69 5 70 8
76 5 84 5
93 5 101 5
102 5 109 5
110 5 117 5
118 5 126 5
127 5 129 8
130 5 130 13
142 5 147 6
148 5 150 7
157 5 158 8
179 5 182 7
17 6 22 7
27 6 30 7
34 6 41 6
42 6 50 6
51 6 59 6
60 6 60 16
76 6 84 6
93 6 102 6
103 6 111 6
112 6 120 6
121 6 124 7
125 6 126 9
131 6 134 8
138 6 141 8
153 6 155 9
156 6 156 16
159 6 161 9
165 6 168 8
175 6 177 8
178 6 178 16
190 6 192 8
193 6 193 17
196 6 198 8
199 6 199 13
0 7 1 11
2 7 7 8
8 7 8 16
34 7 42 7
43 7 52 7
53 7 58 8
59 7 59 15
72 7 83 7
84 7 88 8
89 7 91 10
93 7 96 9
97 7 105 7
106 7 114 7
115 7 118 8
119 7 120 11
142 7 147 8
162 7 163 12
169 7 170 12
171 7 171 17
194 7 195 11
10 8 13 9
14 8 22 8
27 8 30 9
31 8 32 13
34 8 41 8
42 8 47 9
48 8 50 10
51 8 52 12
61 8 64 10
72 8 80 8
81 8 82 12
83 8 83 17
97 8 107 8
108 8 113 9
114 8 114 16
121 8 124 9
135 8 136 13
148 8 150 10
172 8 173 11
179 8 179 17
180 8 185 9
2 9 7 10
14 9 21 9
22 9 22 18
34 9 41 9
53 9 58 10
66 9 69 11
70 9 70 18
72 9 80 9
84 9 88 10
97 9 106 9
107 9 107 18
115 9 118 11
127 9 129 11
131 9 134 10
138 9 146 9
147 9 147 16
157 9 158 13
165 9 167 11
168 9 168 19
175 9 176 12
177 9 177 18
190 9 191 14
192 9 192 17
196 9 197 14
198 9 198 20
10 10 17 10
18 10 21 11
27 10 29 12
30 10 30 19
33 10 42 10
43 10 46 12
47 10 47 17
72 10 80 10
93 10 100 10
101 10 103 13
104 10 106 13
108 10 110 13
112 10 112 17
121 10 124 11
125 10 126 15
138 10 145 10
146 10 146 19
153 10 155 13
159 10 161 12
180 10 184 11
185 10 185 19
188 10 188 18
2 11 4 13
5 11 6 14
7 11 7 18
10 11 13 13
14 11 17 13
23 11 26 13
33 11 42 11
48 11 50 13
53 11 57 12
58 11 58 20
61 11 63 13
64 11 64 22
72 11 80 11
84 11 84 18
85 11 88 13
89 11 99 11
100 11 100 20
111 11 111 22
131 11 134 13
138 11 143 12
144 11 145 15
148 11 150 13
152 11 152 18
174 11 174 21
187 11 187 20
189 11 189 22
0 12 1 15
18 12 21 13
33 12 40 12
41 12 42 15
66 12 68 14
69 12 69 22
71 12 78 12
79 12 79 20
80 12 80 23
89 12 99 12
115 12 117 15
118 12 121 13
122 12 124 14
127 12 129 14
165 12 166 15
167 12 167 19
172 12 173 15
180 12 183 14
184 12 184 20
194 12 195 16
9 13 9 20
27 13 29 15
33 13 38 14
39 13 40 17
43 13 46 14
51 13 54 14
55 13 56 16
57 13 57 24
71 13 74 15
75 13 77 15
78 13 78 20
81 13 82 16
89 13 99 13
113 13 113 24
138 13 142 14
143 13 143 20
159 13 162 14
163 13 163 20
169 13 169 22
170 13 170 24
175 13 176 16
2 14 4 16
10 14 14 15
15 14 18 15
19 14 21 17
23 14 25 17
26 14 26 21
31 14 32 19
48 14 50 16
61 14 63 17
85 14 95 14
96 14 99 15
101 14 105 15
106 14 106 24
108 14 110 16
118 14 121 15
130 14 135 15
137 14 137 25
148 14 150 16
151 14 151 24
153 14 155 16
157 14 157 23
158 14 158 23
164 14 164 24
186 14 186 23
199 14 199 22
5 15 6 19
33 15 37 16
38 15 38 23
43 15 45 17
46 15 46 23
51 15 53 17
54 15 54 24
66 15 68 18
85 15 88 16
89 15 93 16
94 15 95 18
122 15 124 18
127 15 129 17
138 15 142 16
159 15 162 16
180 15 183 17
190 15 191 20
196 15 196 24
197 15 197 26
0 16 1 21
10 16 15 17
16 16 18 19
27 16 27 25
28 16 29 21
41 16 42 19
59 16 59 27
71 16 75 17
76 16 77 21
96 16 99 17
101 16 101 25
102 16 102 25
103 16 105 19
115 16 117 19
118 16 121 17
125 16 125 24
126 16 126 26
130 16 134 17
135 16 135 24
144 16 145 19
165 16 166 19
172 16 173 19
2 17 4 19
8 17 8 24
33 17 37 18
48 17 48 27
49 17 49 26
50 17 50 27
55 17 56 22
60 17 60 26
81 17 82 20
85 17 86 22
87 17 87 26
88 17 89 22
90 17 93 19
108 17 110 20
114 17 114 24
138 17 142 18
147 17 148 22
149 17 150 22
153 17 156 18
159 17 159 24
160 17 161 21
162 17 162 25
175 17 176 21
178 17 178 27
194 17 195 22
10 18 13 20
14 18 14 26
15 18 15 29
19 18 21 20
23 18 25 20
39 18 40 21
43 18 45 20
47 18 47 25
51 18 53 21
61 18 63 20
71 18 74 20
83 18 83 29
96 18 99 20
112 18 112 28
118 18 121 20
127 18 134 18
136 18 136 29
171 18 171 25
179 18 182 19
183 18 183 25
192 18 193 23
7 19 7 28
22 19 22 27
33 19 37 20
65 19 68 20
70 19 70 27
84 19 84 29
94 19 95 23
107 19 107 30
122 19 123 24
127 19 130 21
131 19 134 21
138 19 140 21
141 19 142 22
152 19 155 21
156 19 156 27
177 19 177 28
188 19 188 26
2 20 4 22
5 20 5 29
6 20 6 31
16 20 18 23
30 20 32 23
41 20 42 24
90 20 91 23
92 20 93 24
103 20 105 22
115 20 117 23
144 20 146 22
165 20 168 22
172 20 173 24
179 20 182 22
185 20 185 31
9 21 12 22
13 21 13 31
19 21 21 23
23 21 25 24
33 21 34 26
35 21 37 24
43 21 45 24
58 21 58 32
61 21 63 23
65 21 67 24
68 21 68 31
71 21 75 22
78 21 79 25
81 21 82 26
96 21 99 23
100 21 100 32
108 21 110 24
118 21 121 22
143 21 143 30
163 21 163 29
184 21 184 29
187 21 187 31
190 21 191 25
0 22 1 27
26 22 26 32
28 22 29 25
39 22 40 26
51 22 51 31
53 22 53 29
76 22 77 26
127 22 128 27
129 22 134 23
138 22 140 24
152 22 155 23
160 22 161 25
174 22 175 25
176 22 176 32
2 23 4 26
9 23 11 26
12 23 12 34
52 23 52 34
55 23 56 28
69 23 69 31
71 23 75 24
85 23 86 27
89 23 89 32
103 23 103 32
104 23 105 28
111 23 111 33
118 23 120 25
121 23 121 30
124 23 124 34
141 23 142 28
144 23 148 24
149 23 150 27
165 23 168 24
169 23 169 30
179 23 182 25
189 23 189 30
194 23 195 28
198 23 199 28
16 24 19 25
20 24 20 31
21 24 21 35
30 24 32 26
38 24 38 32
46 24 46 34
61 24 62 27
63 24 63 31
80 24 80 32
90 24 91 27
94 24 96 26
97 24 99 27
115 24 117 26
129 24 133 25
134 24 134 35
152 24 154 26
155 24 155 34
157 24 158 28
186 24 186 35
192 24 193 29
8 25 8 35
23 25 25 27
35 25 36 29
37 25 37 34
41 25 45 26
54 25 54 33
57 25 57 32
64 25 66 27
67 25 67 32
71 25 74 26
75 25 75 34
92 25 92 34
93 25 93 33
106 25 106 32
108 25 110 27
113 25 114 28
122 25 123 28
125 25 125 33
135 25 135 33
138 25 140 27
144 25 148 26
151 25 151 33
159 25 159 34
164 25 167 27
168 25 168 35
170 25 170 34
172 25 173 30
196 25 196 32
16 26 18 28
19 26 19 33
27 26 29 28
47 26 47 33
78 26 79 29
88 26 88 37
101 26 102 30
118 26 120 28
129 26 133 27
137 26 137 37
160 26 162 29
171 26 171 34
174 26 174 34
175 26 175 35
179 26 183 27
190 26 191 31
2 27 3 32
9 27 11 29
14 27 14 34
30 27 30 37
32 27 34 30
39 27 43 28
44 27 45 30
49 27 49 35
60 27 60 37
71 27 73 29
74 27 74 34
76 27 77 30
81 27 82 30
87 27 87 35
94 27 96 29
115 27 117 29
126 27 126 38
144 27 146 29
147 27 148 31
152 27 154 30
188 27 188 34
1 28 1 35
22 28 23 31
24 28 25 33
48 28 48 36
50 28 50 35
59 28 59 38
61 28 62 33
64 28 64 38
65 28 66 32
70 28 70 36
85 28 86 32
90 28 91 32
97 28 99 30
109 28 110 32
127 28 131 29
132 28 133 32
138 28 140 30
149 28 150 31
156 28 156 37
164 28 167 29
178 28 181 29
182 28 183 31
7 29 7 37
16 29 18 32
27 29 29 32
39 29 42 30
43 29 43 40
55 29 56 32
104 29 105 32
112 29 114 32
118 29 120 31
122 29 123 33
141 29 142 32
157 29 158 34
177 29 177 38
194 29 195 33
197 29 198 32
199 29 199 38
4 30 5 35
9 30 11 32
15 30 15 39
31 30 31 41
35 30 36 33
53 30 53 37
71 30 72 35
73 30 73 40
78 30 79 34
83 30 84 35
94 30 95 33
115 30 116 33
117 30 117 41
127 30 131 31
144 30 146 32
160 30 167 30
178 30 181 31
184 30 184 39
192 30 192 38
193 30 193 38
32 31 32 39
33 31 34 36
39 31 42 32
44 31 45 34
76 31 77 34
81 31 82 35
96 31 99 33
101 31 102 35
107 31 107 41
121 31 121 42
136 31 136 42
138 31 140 34
143 31 143 41
152 31 154 33
160 31 164 32
165 31 167 34
169 31 169 41
172 31 173 35
189 31 189 39
0 32 0 43
6 32 6 40
13 32 13 40
20 32 20 39
22 32 23 35
51 32 51 40
63 32 63 40
68 32 69 36
118 32 120 35
127 32 129 35
130 32 131 36
147 32 149 34
150 32 150 41
178 32 182 33
183 32 183 43
185 32 185 40
187 32 187 39
190 32 190 43
191 32 191 41
2 33 3 37
9 33 11 35
16 33 18 35
26 33 27 38
28 33 29 38
38 33 41 34
42 33 42 44
55 33 58 35
65 33 67 35
80 33 80 43
85 33 86 37
89 33 91 35
103 33 106 34
108 33 110 35
112 33 114 35
132 33 133 37
141 33 142 37
144 33 146 35
160 33 163 35
164 33 164 41
176 33 176 41
196 33 198 36
19 34 19 43
24 34 25 38
35 34 36 37
47 34 47 45
54 34 54 41
61 34 62 37
93 34 97 35
98 34 100 37
111 34 111 43
115 34 116 37
123 34 123 44
125 34 125 44
135 34 135 45
151 34 154 35
178 34 180 36
181 34 182 38
194 34 195 37
14 35 14 42
37 35 40 37
41 35 41 45
44 35 46 38
74 35 77 36
78 35 79 38
92 35 92 43
103 35 106 36
124 35 124 44
138 35 140 37
147 35 147 44
155 35 155 42
157 35 159 38
165 35 167 38
170 35 171 39
174 35 174 44
188 35 188 42
1 36 1 44
4 36 5 40
8 36 12 37
16 36 16 46
17 36 18 40
21 36 23 38
49 36 50 39
55 36 58 37
65 36 67 39
71 36 72 41
81 36 84 37
87 36 87 43
89 36 91 38
93 36 97 37
101 36 102 39
108 36 110 39
112 36 114 39
118 36 120 38
122 36 122 47
128 36 129 41
134 36 134 45
144 36 146 38
148 36 148 47
151 36 153 38
154 36 154 47
160 36 163 37
168 36 168 47
172 36 173 39
175 36 175 46
33 37 33 46
34 37 34 45
48 37 48 44
68 37 69 42
70 37 70 46
74 37 76 40
77 37 77 44
103 37 106 39
127 37 127 48
130 37 131 41
178 37 180 40
196 37 198 39
2 38 3 43
7 38 10 39
11 38 12 43
30 38 30 48
35 38 38 39
39 38 40 43
53 38 53 48
55 38 57 40
58 38 58 46
60 38 62 41
81 38 86 39
88 38 88 45
93 38 95 40
96 38 96 49
97 38 100 40
115 38 116 42
132 38 133 43
137 38 140 40
141 38 142 42
156 38 156 45
160 38 163 39
194 38 195 43
21 39 25 40
26 39 29 41
44 39 46 42
59 39 59 50
64 39 64 47
78 39 79 44
89 39 91 42
118 39 120 41
126 39 126 46
144 39 146 41
151 39 153 41
157 39 158 44
159 39 159 49
165 39 167 41
177 39 177 47
181 39 181 50
192 39 193 43
199 39 199 48
7 40 10 41
15 40 15 51
20 40 20 49
32 40 32 48
35 40 37 42
38 40 38 47
49 40 50 44
52 40 52 51
65 40 65 47
66 40 67 45
81 40 86 41
101 40 105 41
106 40 106 49
108 40 110 42
112 40 114 42
160 40 163 41
170 40 173 42
184 40 184 49
186 40 187 44
189 40 189 49
196 40 198 42
4 41 6 43
13 41 13 48
17 41 18 45
21 41 24 43
25 41 25 48
43 41 43 48
51 41 51 51
55 41 57 43
63 41 63 50
73 41 76 42
93 41 95 43
97 41 99 43
100 41 100 52
137 41 139 43
140 41 140 49
149 41 149 52
178 41 179 44
180 41 180 51
185 41 185 50
7 42 10 43
26 42 29 44
54 42 54 53
60 42 62 45
71 42 71 50
72 42 72 53
81 42 86 43
101 42 105 43
107 42 107 53
117 42 120 43
128 42 131 43
143 42 146 43
150 42 153 44
160 42 162 45
163 42 166 44
167 42 167 53
169 42 169 52
176 42 176 53
191 42 191 50
14 43 14 50
35 43 36 48
37 43 37 52
44 43 46 46
68 43 69 48
73 43 76 45
89 43 89 52
90 43 91 48
108 43 110 45
112 43 115 45
116 43 116 51
141 43 142 47
155 43 155 52
170 43 173 45
188 43 188 54
196 43 197 47
198 43 198 51
0 44 0 55
2 44 9 44
10 44 12 47
19 44 19 53
21 44 24 46
39 44 40 47
55 44 57 46
80 44 82 46
83 44 84 49
85 44 87 47
92 44 94 46
95 44 95 52
97 44 98 49
99 44 99 51
101 44 104 45
105 44 105 51
111 44 111 52
117 44 121 45
129 44 132 46
133 44 133 51
136 44 139 46
143 44 144 49
145 44 146 49
190 44 190 54
192 44 195 45
1 45 3 47
4 45 5 49
6 45 8 48
9 45 9 55
26 45 29 47
42 45 42 55
48 45 50 48
77 45 79 47
123 45 125 48
147 45 147 56
150 45 153 46
157 45 158 48
163 45 166 47
174 45 174 52
178 45 178 54
179 45 179 53
186 45 187 49
17 46 18 51
34 46 34 53
41 46 41 56
60 46 62 48
66 46 67 50
73 46 75 48
88 46 88 53
101 46 103 48
104 46 104 53
108 46 110 48
112 46 115 48
117 46 117 56
118 46 119 51
120 46 120 57
134 46 135 50
156 46 156 53
160 46 162 49
170 46 173 48
183 46 183 57
192 46 194 48
195 46 195 53
16 47 16 56
21 47 23 49
24 47 24 56
33 47 33 54
44 47 46 49
47 47 47 58
55 47 55 57
56 47 58 50
70 47 70 58
80 47 82 49
92 47 94 50
126 47 126 55
128 47 132 48
136 47 139 49
150 47 153 48
175 47 175 55
1 48 3 51
10 48 12 51
26 48 28 50
38 48 39 51
40 48 40 56
64 48 65 51
76 48 79 50
85 48 87 50
121 48 122 51
141 48 142 52
148 48 148 57
154 48 154 58
163 48 166 50
177 48 177 58
196 48 197 51
6 49 7 53
8 49 8 56
13 49 13 57
25 49 25 56
29 49 31 51
32 49 32 56
35 49 36 54
43 49 43 56
48 49 50 52
53 49 53 60
60 49 62 51
68 49 69 52
73 49 75 51
90 49 91 54
101 49 103 52
108 49 110 51
112 49 112 58
113 49 115 52
123 49 125 51
127 49 130 50
131 49 132 52
150 49 153 51
157 49 158 54
170 49 172 51
173 49 173 56
192 49 194 51
199 49 199 58
4 50 4 57
5 50 5 60
20 50 22 53
23 50 23 59
44 50 46 53
80 50 84 51
96 50 98 53
106 50 106 60
136 50 140 51
143 50 145 52
146 50 146 58
159 50 162 52
168 50 168 61
184 50 184 58
186 50 187 55
189 50 189 61
14 51 14 59
26 51 28 54
56 51 58 53
59 51 59 58
63 51 63 58
66 51 67 56
71 51 71 58
76 51 78 53
79 51 79 59
85 51 87 53
92 51 94 54
127 51 129 53
130 51 130 58
134 51 135 56
163 51 164 56
165 51 166 55
181 51 182 55
185 51 185 59
191 51 191 58
1 52 3 55
10 52 11 55
15 52 15 62
17 52 18 55
29 52 31 54
38 52 39 55
51 52 52 57
60 52 62 54
64 52 65 55
73 52 75 55
80 52 84 53
99 52 99 62
105 52 105 62
108 52 110 54
116 52 116 61
118 52 119 56
121 52 125 53
133 52 133 59
136 52 138 54
139 52 139 59
150 52 151 55
152 52 153 56
170 52 171 55
172 52 172 60
180 52 180 63
192 52 194 54
196 52 198 54
12 53 12 64
37 53 37 64
48 53 48 61
49 53 49 64
50 53 50 60
68 53 69 56
89 53 89 64
95 53 95 60
100 53 102 55
103 53 103 60
111 53 111 64
113 53 115 55
131 53 132 57
140 53 144 54
145 53 145 62
155 53 155 61
159 53 161 55
162 53 162 63
169 53 169 62
174 53 174 60
6 54 7 57
19 54 22 56
34 54 34 64
44 54 46 57
56 54 58 56
72 54 72 61
76 54 78 57
80 54 88 54
96 54 97 57
98 54 98 61
104 54 104 65
107 54 107 61
121 54 124 56
127 54 129 56
156 54 156 63
167 54 167 63
176 54 176 65
179 54 179 61
195 54 195 61
26 55 28 57
29 55 31 58
33 55 33 64
35 55 36 58
60 55 62 57
80 55 84 56
85 55 88 57
90 55 93 56
94 55 94 62
108 55 110 58
136 55 138 58
140 55 144 56
149 55 149 66
157 55 158 59
178 55 178 64
188 55 188 66
190 55 190 66
192 55 194 57
196 55 198 58
0 56 3 57
9 56 11 59
17 56 18 59
38 56 39 61
42 56 42 65
64 56 65 60
73 56 75 59
100 56 102 58
113 56 115 58
125 56 126 59
150 56 151 61
159 56 161 59
165 56 166 60
170 56 171 59
175 56 175 63
181 56 182 59
186 56 186 65
187 56 187 64
8 57 8 65
16 57 16 64
19 57 22 58
24 57 25 61
32 57 32 64
40 57 41 62
43 57 43 65
56 57 58 59
66 57 69 59
80 57 82 59
83 57 84 62
90 57 93 58
117 57 118 62
119 57 119 66
121 57 123 59
124 57 124 68
127 57 129 59
134 57 135 60
140 57 142 59
143 57 144 62
147 57 147 67
152 57 153 60
163 57 164 60
173 57 173 67
0 58 4 59
6 58 7 63
13 58 13 65
26 58 28 60
44 58 45 61
46 58 46 68
52 58 52 69
55 58 55 68
60 58 61 62
62 58 62 67
76 58 78 61
85 58 88 59
96 58 97 63
120 58 120 68
131 58 132 61
148 58 148 66
183 58 183 69
192 58 193 61
194 58 194 69
19 59 21 61
22 59 22 69
29 59 31 62
35 59 36 64
59 59 59 66
63 59 63 67
70 59 71 62
90 59 92 61
93 59 93 67
100 59 102 62
108 59 109 63
112 59 115 60
130 59 130 67
136 59 138 61
146 59 146 66
154 59 154 67
177 59 177 70
184 59 184 67
191 59 191 70
196 59 198 61
199 59 199 66
0 60 4 61
9 60 11 62
14 60 14 69
17 60 17 71
18 60 18 68
23 60 23 68
47 60 47 71
56 60 58 62
66 60 69 61
73 60 75 62
79 60 79 71
80 60 82 63
85 60 87 62
88 60 88 68
121 60 123 63
125 60 129 61
133 60 133 71
139 60 142 61
157 60 161 61
170 60 170 67
171 60 171 71
181 60 182 63
185 60 185 67
5 61 5 70
26 61 28 63
50 61 51 64
53 61 54 66
64 61 65 64
95 61 95 69
103 61 103 70
106 61 106 72
112 61 114 64
115 61 115 70
134 61 135 64
152 61 153 66
163 61 166 62
172 61 172 69
174 61 174 68
0 62 3 63
4 62 4 69
19 62 21 65
24 62 25 67
38 62 38 71
39 62 39 73
45 62 45 69
48 62 48 73
66 62 69 63
72 62 72 71
76 62 78 65
90 62 92 65
98 62 98 70
107 62 107 71
116 62 116 70
125 62 129 63
131 62 132 66
136 62 139 63
140 62 142 64
150 62 151 65
155 62 155 70
157 62 161 63
168 62 168 73
179 62 179 69
189 62 189 69
192 62 193 65
195 62 198 63
9 63 11 65
15 63 15 72
29 63 31 65
40 63 41 67
44 63 44 74
56 63 58 65
60 63 61 68
70 63 71 66
73 63 74 66
75 63 75 74
83 63 87 64
94 63 94 72
99 63 102 65
105 63 105 72
110 63 110 74
117 63 118 66
143 63 145 65
163 63 166 65
169 63 169 72
0 64 3 66
6 64 7 69
26 64 28 66
67 64 69 67
80 64 81 67
82 64 82 72
96 64 97 67
108 64 109 69
121 64 123 66
125 64 127 66
128 64 129 67
136 64 139 66
156 64 160 65
161 64 162 68
167 64 167 71
175 64 175 71
180 64 182 66
195 64 198 66
12 65 12 76
16 65 16 72
32 65 36 66
49 65 51 67
64 65 66 67
83 65 86 66
87 65 87 74
89 65 89 74
111 65 113 67
114 65 114 72
134 65 135 69
140 65 142 67
178 65 178 76
187 65 187 76
8 66 10 68
11 66 11 76
13 66 13 73
19 66 21 68
29 66 31 69
37 66 37 77
42 66 43 70
56 66 58 69
76 66 78 69
90 66 92 69
99 66 102 68
143 66 145 68
150 66 151 69
156 66 158 68
159 66 160 70
163 66 165 68
166 66 166 77
176 66 176 73
186 66 186 73
192 66 193 70
0 67 3 68
26 67 28 70
32 67 34 69
35 67 35 78
53 67 53 74
54 67 54 77
59 67 59 77
70 67 71 71
73 67 73 78
74 67 74 75
83 67 86 69
117 67 119 70
121 67 123 70
125 67 127 69
131 67 132 72
136 67 139 69
146 67 146 77
148 67 149 70
152 67 153 70
180 67 182 69
188 67 188 77
190 67 190 75
195 67 199 68
24 68 25 71
36 68 36 79
40 68 41 72
49 68 51 70
62 68 65 69
66 68 69 70
80 68 80 76
93 68 93 78
96 68 96 79
97 68 97 79
104 68 104 79
111 68 113 70
128 68 130 70
140 68 141 71
147 68 147 79
154 68 154 79
170 68 170 75
173 68 173 75
184 68 185 72
0 69 3 71
8 69 9 73
10 69 10 76
18 69 21 71
23 69 23 77
46 69 46 78
55 69 55 77
60 69 61 73
88 69 88 77
100 69 100 76
101 69 101 77
102 69 102 78
120 69 120 78
124 69 124 80
142 69 144 71
145 69 145 78
156 69 158 72
161 69 164 70
165 69 165 79
174 69 174 76
195 69 196 74
197 69 199 71
4 70 4 81
6 70 6 80
7 70 7 81
14 70 14 79
22 70 22 77
29 70 33 71
34 70 34 79
45 70 45 78
52 70 52 81
56 70 57 73
58 70 58 78
62 70 65 71
76 70 78 73
83 70 85 72
90 70 92 72
95 70 95 80
108 70 109 74
126 70 127 75
134 70 138 71
139 70 139 77
150 70 151 74
172 70 172 79
179 70 181 72
182 70 183 74
189 70 189 79
194 70 194 77
5 71 5 79
26 71 28 74
42 71 43 74
49 71 51 73
66 71 69 72
81 71 81 82
86 71 86 82
98 71 99 75
103 71 103 78
111 71 113 73
115 71 119 72
121 71 123 74
128 71 129 74
149 71 149 82
152 71 153 75
155 71 155 80
159 71 163 72
164 71 164 79
177 71 177 79
192 71 193 76
0 72 2 75
3 72 3 83
17 72 19 75
20 72 20 82
21 72 21 80
24 72 25 76
29 72 33 73
38 72 38 82
47 72 47 79
62 72 64 74
65 72 65 81
70 72 71 75
72 72 72 80
107 72 107 79
125 72 125 83
130 72 130 83
133 72 138 73
140 72 143 73
144 72 144 83
167 72 167 79
171 72 171 79
175 72 175 81
191 72 191 83
197 72 199 74
15 73 15 83
16 73 16 83
40 73 41 78
66 73 68 76
69 73 69 81
82 73 84 75
85 73 85 80
90 73 92 75
94 73 94 83
105 73 105 84
106 73 106 84
114 73 118 74
119 73 119 83
131 73 132 77
148 73 148 84
156 73 156 81
157 73 162 74
163 73 163 84
169 73 169 81
179 73 181 75
184 73 185 78
8 74 9 77
13 74 13 84
29 74 33 75
48 74 51 75
56 74 57 77
60 74 61 78
76 74 79 75
111 74 113 77
133 74 137 75
138 74 138 84
140 74 142 76
143 74 143 83
168 74 168 81
176 74 176 83
186 74 186 81
26 75 28 78
39 75 39 86
42 75 44 78
53 75 53 83
62 75 64 78
75 75 75 86
87 75 87 86
89 75 89 83
108 75 110 77
114 75 118 76
121 75 123 77
128 75 129 79
150 75 151 79
157 75 160 77
161 75 162 80
182 75 183 78
195 75 198 77
0 76 2 78
17 76 19 78
29 76 33 77
48 76 50 78
70 76 71 79
74 76 74 84
76 76 78 78
82 76 84 78
90 76 92 79
98 76 99 81
126 76 127 80
133 76 136 78
137 76 137 85
152 76 153 81
170 76 170 84
173 76 173 83
179 76 181 78
190 76 190 83
10 77 12 79
24 77 25 81
66 77 68 80
79 77 80 81
100 77 100 84
114 77 118 78
140 77 142 80
174 77 174 86
178 77 178 87
187 77 187 88
192 77 193 81
8 78 9 82
22 78 23 82
29 78 33 79
37 78 37 86
51 78 51 89
54 78 57 80
59 78 59 89
88 78 88 87
101 78 101 85
108 78 112 79
113 78 113 87
121 78 123 81
131 78 132 81
139 78 139 88
146 78 146 86
157 78 159 80
160 78 160 86
188 78 188 87
194 78 197 79
198 78 198 89
0 79 2 81
17 79 19 81
26 79 27 82
35 79 35 88
40 79 44 80
45 79 46 84
48 79 50 82
58 79 58 88
60 79 64 80
76 79 77 82
78 79 78 87
82 79 84 81
93 79 93 90
102 79 102 88
103 79 103 87
114 79 115 84
116 79 118 82
120 79 120 87
134 79 136 82
145 79 145 88
179 79 182 80
183 79 185 82
5 80 5 90
10 80 11 84
14 80 14 91
28 80 33 81
34 80 34 88
47 80 47 89
70 80 71 83
73 80 73 91
90 80 92 82
96 80 97 83
104 80 104 87
107 80 111 81
112 80 112 89
128 80 128 87
147 80 147 91
150 80 151 83
164 80 167 81
171 80 172 83
177 80 177 89
189 80 189 91
194 80 197 82
6 81 6 90
21 81 21 90
36 81 36 92
40 81 42 83
43 81 44 86
54 81 57 82
60 81 64 82
66 81 68 84
72 81 72 88
85 81 85 91
95 81 95 88
124 81 124 91
126 81 127 84
129 81 129 92
140 81 142 84
154 81 155 85
157 81 159 83
161 81 162 85
179 81 181 83
182 81 182 89
0 82 2 85
7 82 7 93
17 82 19 85
24 82 25 86
28 82 30 85
31 82 33 85
52 82 52 92
65 82 65 89
69 82 69 89
79 82 80 86
82 82 84 84
98 82 99 86
107 82 110 83
111 82 111 92
121 82 123 84
131 82 133 85
152 82 153 86
156 82 156 89
164 82 169 83
175 82 175 93
186 82 186 90
192 82 193 86
199 82 199 93
8 83 9 86
12 83 12 94
20 83 20 90
22 83 23 88
26 83 27 86
38 83 38 94
48 83 50 85
54 83 57 85
60 83 64 84
77 83 77 91
81 83 81 90
86 83 86 91
90 83 92 85
116 83 118 85
134 83 136 85
183 83 185 86
194 83 194 91
195 83 195 92
3 84 4 89
15 84 16 89
40 84 41 87
42 84 42 95
53 84 53 94
70 84 71 89
89 84 89 93
94 84 94 95
96 84 97 89
107 84 109 86
110 84 110 94
119 84 119 93
130 84 130 94
143 84 143 93
149 84 151 87
157 84 159 86
164 84 169 85
171 84 173 86
176 84 176 92
179 84 179 92
180 84 181 88
190 84 190 93
191 84 191 91
10 85 11 88
13 85 13 95
45 85 45 93
60 85 64 86
66 85 67 88
74 85 74 92
82 85 83 88
84 85 84 94
100 85 100 95
105 85 106 89
114 85 115 88
121 85 123 88
125 85 127 88
138 85 138 92
140 85 142 88
170 85 170 92
196 85 197 90
0 86 2 88
17 86 19 89
28 86 31 87
32 86 33 89
46 86 46 97
48 86 50 88
54 86 57 88
68 86 68 97
76 86 76 97
90 86 92 89
101 86 101 96
116 86 118 89
131 86 135 87
136 86 137 89
144 86 144 97
154 86 155 90
161 86 165 87
166 86 169 87
8 87 9 92
24 87 27 89
37 87 37 96
39 87 39 94
43 87 44 91
60 87 63 88
64 87 64 96
79 87 80 92
87 87 87 95
98 87 99 91
107 87 109 89
146 87 146 98
152 87 153 92
157 87 159 89
160 87 160 94
171 87 173 89
174 87 174 95
183 87 185 90
192 87 193 91
28 88 30 90
31 88 31 96
40 88 41 92
78 88 78 95
88 88 88 97
103 88 104 92
113 88 113 98
120 88 120 95
128 88 128 95
131 88 135 89
148 88 150 90
151 88 151 98
161 88 169 88
178 88 178 95
188 88 188 99
0 89 2 92
10 89 11 92
22 89 23 94
34 89 35 93
48 89 49 92
50 89 50 99
54 89 58 90
60 89 63 90
66 89 67 93
72 89 72 98
82 89 83 93
95 89 95 97
102 89 102 98
114 89 115 92
121 89 122 92
123 89 123 96
125 89 127 91
139 89 142 90
145 89 145 98
161 89 169 89
180 89 181 94
3 90 4 94
15 90 18 91
19 90 19 99
24 90 27 92
32 90 33 95
47 90 47 99
51 90 51 98
59 90 59 97
65 90 65 98
69 90 71 92
90 90 92 93
96 90 97 94
105 90 108 91
109 90 109 98
112 90 112 101
116 90 118 92
131 90 134 92
135 90 135 100
136 90 136 100
156 90 156 99
157 90 157 99
158 90 159 94
161 90 164 92
165 90 169 91
171 90 173 92
177 90 177 97
182 90 182 97
198 90 198 99
5 91 6 95
20 91 21 94
28 91 30 93
54 91 57 92
58 91 58 100
60 91 62 93
63 91 63 99
81 91 81 98
93 91 93 98
137 91 137 102
139 91 141 93
142 91 142 100
148 91 149 96
150 91 150 102
154 91 155 94
183 91 184 95
185 91 187 94
196 91 196 99
197 91 197 100
14 92 18 93
43 92 44 96
77 92 77 101
85 92 86 97
98 92 99 96
105 92 108 93
124 92 127 94
147 92 147 103
165 92 166 97
167 92 168 95
169 92 169 101
191 92 194 94
0 93 2 96
8 93 10 95
24 93 27 94
36 93 36 104
40 93 41 96
48 93 49 97
52 93 52 103
54 93 57 95
69 93 71 95
73 93 73 104
74 93 74 104
75 93 75 104
79 93 80 98
103 93 104 98
111 93 111 102
114 93 117 95
121 93 122 97
129 93 129 100
131 93 134 94
138 93 138 102
152 93 153 97
161 93 164 94
170 93 173 95
176 93 176 102
179 93 179 101
189 93 189 104
195 93 195 104
7 94 7 104
14 94 17 95
18 94 18 101
28 94 30 96
34 94 35 99
45 94 45 104
60 94 62 97
66 94 67 97
82 94 83 98
89 94 91 96
92 94 92 101
105 94 108 96
118 94 119 98
139 94 141 96
143 94 143 105
175 94 175 101
190 94 190 101
3 95 3 102
11 95 12 99
20 95 27 95
38 95 38 104
39 95 39 104
53 95 53 103
84 95 84 103
96 95 97 99
110 95 110 102
124 95 127 96
130 95 134 96
154 95 155 98
158 95 163 96
164 95 164 102
180 95 181 100
185 95 187 98
191 95 193 97
194 95 194 102
4 96 6 99
8 96 10 99
13 96 17 97
20 96 27 96
32 96 33 99
42 96 42 105
54 96 56 98
57 96 57 106
69 96 71 99
78 96 78 107
87 96 87 104
94 96 94 107
100 96 100 105
114 96 116 99
117 96 117 103
120 96 120 106
128 96 128 106
167 96 168 101
170 96 174 97
178 96 178 105
183 96 184 99
0 97 2 99
20 97 29 97
30 97 30 105
31 97 31 106
37 97 37 107
40 97 41 100
43 97 44 100
64 97 64 104
89 97 91 100
99 97 99 105
101 97 101 106
105 97 107 100
108 97 108 105
123 97 123 106
124 97 124 108
125 97 126 102
127 97 127 105
130 97 132 100
134 97 134 104
139 97 139 107
141 97 141 105
148 97 149 102
158 97 162 98
163 97 163 107
199 97 199 108
13 98 17 99
20 98 27 98
28 98 29 103
48 98 49 101
59 98 62 100
66 98 68 101
76 98 76 106
85 98 86 102
88 98 88 107
95 98 95 109
98 98 98 109
121 98 122 102
133 98 133 109
153 98 153 107
165 98 165 106
166 98 166 108
170 98 174 99
177 98 177 105
182 98 182 106
191 98 193 101
20 99 27 99
51 99 51 109
54 99 56 101
65 99 65 107
72 99 72 107
79 99 82 101
83 99 83 108
93 99 93 107
102 99 104 102
109 99 109 108
113 99 113 107
118 99 119 103
140 99 140 110
144 99 146 102
151 99 152 104
154 99 155 104
158 99 160 101
161 99 162 104
185 99 187 101
0 100 2 103
4 100 6 102
8 100 11 101
12 100 15 101
16 100 17 104
19 100 26 100
27 100 27 111
32 100 34 102
35 100 35 111
46 100 47 103
50 100 50 108
63 100 63 110
69 100 70 103
71 100 71 110
96 100 97 104
114 100 116 102
156 100 157 104
170 100 173 101
174 100 174 111
183 100 183 109
184 100 184 110
188 100 188 109
196 100 196 111
198 100 198 107
19 101 26 101
40 101 41 105
43 101 44 105
58 101 60 103
61 101 62 106
89 101 91 104
105 101 106 105
107 101 107 110
129 101 131 103
132 101 132 110
135 101 136 105
142 101 142 108
180 101 180 111
181 101 181 111
197 101 197 108
8 102 9 106
10 102 10 109
12 102 15 104
18 102 23 103
24 102 26 104
48 102 49 106
54 102 56 104
66 102 68 104
77 102 77 113
79 102 81 104
82 102 82 112
92 102 92 112
112 102 112 111
158 102 160 105
167 102 172 103
175 102 175 110
179 102 179 113
185 102 187 104
190 102 193 103
3 103 3 114
4 103 4 114
5 103 5 113
32 103 34 105
85 103 86 106
103 103 104 107
110 103 111 108
114 103 116 105
121 103 121 110
125 103 126 107
137 103 138 108
144 103 146 105
148 103 150 105
164 103 164 111
176 103 176 112
194 103 194 112
0 104 2 106
18 104 22 105
23 104 23 113
28 104 29 107
47 104 47 113
52 104 53 108
58 104 60 107
69 104 70 108
84 104 84 115
117 104 119 106
129 104 131 107
147 104 147 112
167 104 171 105
172 104 173 109
190 104 193 106
6 105 6 116
7 105 7 115
11 105 14 106
15 105 17 107
24 105 26 107
36 105 36 116
38 105 39 109
45 105 46 110
54 105 56 107
64 105 64 115
66 105 68 107
73 105 75 108
79 105 81 108
87 105 87 116
89 105 91 107
96 105 97 108
102 105 102 116
122 105 122 116
134 105 134 112
151 105 152 109
154 105 157 107
161 105 162 110
185 105 187 107
189 105 189 112
195 105 195 112
18 106 22 107
30 106 30 115
32 106 34 109
40 106 43 108
44 106 44 113
99 106 100 110
105 106 106 110
108 106 108 114
114 106 116 108
127 106 127 113
135 106 135 115
136 106 136 116
141 106 141 113
143 106 145 109
148 106 150 108
158 106 160 108
167 106 170 108
171 106 171 115
177 106 177 117
178 106 178 116
0 107 2 110
8 107 9 110
11 107 14 108
31 107 31 116
48 107 49 111
57 107 57 118
61 107 61 114
62 107 62 118
76 107 76 115
85 107 86 112
101 107 101 115
117 107 120 108
123 107 123 116
128 107 128 118
146 107 146 118
165 107 165 114
182 107 182 114
191 107 192 112
193 107 193 115
15 108 18 109
19 108 21 111
22 108 22 118
24 108 26 110
28 108 29 113
37 108 37 116
54 108 56 111
58 108 58 119
59 108 60 113
65 108 68 110
72 108 72 119
88 108 91 109
93 108 94 111
103 108 104 111
113 108 113 118
125 108 126 113
129 108 131 110
139 108 139 115
153 108 156 109
157 108 157 115
163 108 163 119
185 108 187 110
198 108 198 119
11 109 13 111
14 109 14 116
40 109 43 110
50 109 50 120
53 109 53 118
69 109 70 113
73 109 74 112
75 109 75 119
78 109 81 110
83 109 83 119
96 109 97 113
109 109 111 111
114 109 115 112
116 109 119 111
124 109 124 118
138 109 138 116
142 109 142 116
148 109 149 113
158 109 160 111
166 109 169 111
170 109 170 118
190 109 190 120
197 109 197 116
10 110 10 121
15 110 16 114
18 110 18 120
32 110 33 114
34 110 34 119
38 110 39 114
51 110 51 117
52 110 52 121
88 110 88 118
89 110 91 113
95 110 95 117
133 110 133 120
143 110 143 119
144 110 145 114
150 110 154 111
155 110 156 113
172 110 172 117
183 110 183 119
188 110 188 121
0 111 2 113
8 111 9 115
24 111 26 113
40 111 43 113
45 111 46 116
63 111 63 120
65 111 67 114
68 111 68 120
71 111 71 118
78 111 81 112
98 111 100 113
105 111 107 113
120 111 121 114
129 111 132 113
140 111 140 121
161 111 162 114
175 111 175 118
184 111 186 113
187 111 187 119
11 112 12 117
13 112 13 120
19 112 21 114
27 112 27 119
35 112 35 119
49 112 49 122
54 112 56 114
93 112 94 117
103 112 104 116
109 112 111 114
112 112 112 120
116 112 119 114
150 112 153 113
154 112 154 119
158 112 160 114
164 112 164 119
166 112 168 114
169 112 169 123
173 112 174 115
180 112 181 117
196 112 196 119
73 113 74 117
78 113 81 115
82 113 82 122
85 113 86 118
92 113 92 124
114 113 114 122
115 113 115 120
134 113 134 120
147 113 147 121
176 113 176 123
189 113 189 123
191 113 191 122
194 113 195 116
0 114 2 116
5 114 5 125
23 114 25 116
26 114 26 123
28 114 29 119
40 114 44 115
47 114 47 122
59 114 59 121
69 114 70 119
89 114 91 117
96 114 97 118
98 114 98 125
99 114 99 124
100 114 100 121
105 114 107 117
126 114 127 119
129 114 130 117
132 114 132 124
141 114 141 121
148 114 152 115
153 114 153 122
155 114 156 117
179 114 179 121
184 114 186 116
3 115 4 118
15 115 17 118
19 115 21 117
32 115 33 119
38 115 38 123
39 115 39 123
48 115 48 126
54 115 56 118
61 115 61 126
65 115 67 118
108 115 111 117
116 115 119 116
120 115 121 120
144 115 145 120
158 115 162 116
165 115 168 117
182 115 182 123
192 115 192 126
199 115 199 126
7 116 9 119
30 116 30 123
40 116 44 117
64 116 64 125
76 116 80 117
81 116 81 123
101 116 101 126
125 116 125 127
131 116 131 127
135 116 135 126
139 116 139 124
148 116 151 117
152 116 152 125
157 116 157 123
171 116 171 124
173 116 173 126
174 116 174 125
193 116 193 123
0 117 2 119
6 117 6 124
14 117 14 125
23 117 25 120
31 117 31 128
36 117 37 120
45 117 46 120
102 117 103 120
104 117 104 124
116 117 119 118
122 117 123 122
136 117 138 120
142 117 142 125
158 117 161 118
162 117 162 127
178 117 178 126
184 117 186 119
194 117 195 122
197 117 197 128
12 118 12 125
19 118 21 121
40 118 42 121
43 118 43 129
44 118 44 128
51 118 51 127
60 118 60 129
73 118 74 123
76 118 79 119
80 118 80 128
84 118 84 129
89 118 91 121
93 118 93 129
94 118 95 123
105 118 107 121
108 118 111 120
129 118 130 123
148 118 151 120
155 118 156 121
165 118 168 119
172 118 172 125
177 118 177 125
180 118 181 121
3 119 3 128
11 119 11 130
15 119 17 121
22 119 22 127
53 119 56 121
57 119 57 126
65 119 67 122
71 119 71 128
85 119 88 121
96 119 97 123
113 119 113 126
116 119 118 121
119 119 119 128
124 119 124 127
146 119 146 128
158 119 161 121
170 119 170 128
175 119 175 126
0 120 2 123
4 120 4 131
7 120 9 123
27 120 29 122
32 120 34 122
35 120 35 129
58 120 58 131
69 120 70 123
72 120 72 129
75 120 76 125
77 120 79 123
83 120 83 127
126 120 128 122
143 120 143 127
154 120 154 129
163 120 166 121
167 120 167 129
183 120 187 121
196 120 196 131
13 121 13 128
18 121 18 132
23 121 25 123
36 121 37 125
45 121 46 125
50 121 50 130
62 121 63 125
68 121 68 131
102 121 103 124
108 121 111 122
112 121 112 130
115 121 115 129
120 121 121 125
133 121 134 126
137 121 138 125
144 121 144 132
145 121 145 132
148 121 150 123
151 121 151 128
168 121 168 132
198 121 198 132
10 122 10 132
15 122 16 125
17 122 17 129
19 122 21 124
40 122 42 125
52 122 53 126
54 122 56 124
59 122 59 132
85 122 89 123
90 122 91 127
100 122 100 129
105 122 107 124
116 122 118 124
140 122 141 126
147 122 147 129
155 122 156 126
158 122 161 124
163 122 165 124
166 122 166 133
179 122 181 124
183 122 187 123
188 122 188 132
27 123 28 128
29 123 29 133
32 123 34 125
47 123 47 130
49 123 49 130
65 123 67 125
82 123 82 132
108 123 111 125
114 123 114 132
122 123 122 131
126 123 128 125
136 123 136 134
153 123 153 133
190 123 191 128
194 123 194 132
195 123 195 133
0 124 2 127
7 124 9 126
23 124 26 126
30 124 30 135
38 124 39 128
69 124 70 128
73 124 74 127
77 124 79 127
81 124 81 132
85 124 86 129
87 124 89 127
94 124 97 126
129 124 130 128
148 124 150 127
157 124 157 134
169 124 169 131
176 124 176 132
182 124 187 125
189 124 189 132
193 124 193 131
6 125 6 134
19 125 19 135
20 125 21 130
54 125 56 127
92 125 92 136
99 125 99 134
102 125 106 126
107 125 107 133
116 125 118 128
132 125 132 136
139 125 139 136
158 125 161 126
163 125 165 128
171 125 171 133
179 125 181 128
5 126 5 134
12 126 12 135
14 126 16 129
32 126 34 128
36 126 37 131
40 126 41 131
42 126 42 135
45 126 46 130
62 126 66 127
67 126 67 135
75 126 75 134
76 126 76 134
98 126 98 135
108 126 111 128
120 126 120 137
121 126 121 137
123 126 123 137
126 126 127 129
128 126 128 134
137 126 138 131
142 126 142 133
152 126 152 134
172 126 172 133
174 126 174 135
177 126 177 136
182 126 185 127
186 126 187 131
7 127 9 129
23 127 25 130
26 127 26 134
48 127 48 138
52 127 53 130
57 127 57 136
61 127 61 137
94 127 97 129
101 127 103 129
104 127 106 130
113 127 113 138
133 127 135 129
140 127 141 130
155 127 156 132
158 127 161 129
173 127 173 134
175 127 175 137
178 127 178 136
192 127 192 136
199 127 199 137
0 128 1 131
2 128 2 138
22 128 22 135
51 128 51 135
54 128 56 130
63 128 65 131
66 128 66 135
73 128 74 133
77 128 79 131
83 128 83 136
87 128 91 129
124 128 125 132
143 128 143 137
149 128 150 133
162 128 162 138
182 128 185 130
3 129 3 139
13 129 13 137
27 129 27 138
31 129 34 130
38 129 39 134
44 129 44 140
69 129 71 131
80 129 80 137
108 129 110 131
111 129 111 137
116 129 119 130
129 129 130 132
131 129 131 140
146 129 146 136
148 129 148 140
151 129 151 136
163 129 165 131
170 129 170 136
179 129 181 132
190 129 191 133
197 129 197 136
7 130 9 132
14 130 17 132
35 130 35 139
43 130 43 137
60 130 60 140
72 130 72 138
84 130 88 131
89 130 91 133
93 130 94 134
95 130 95 141
96 130 97 135
100 130 102 133
103 130 103 137
115 130 115 138
126 130 126 140
127 130 127 137
133 130 135 132
147 130 147 140
154 130 154 141
158 130 160 132
161 130 161 139
167 130 167 141
11 131 11 141
21 131 21 138
23 131 25 133
31 131 34 133
45 131 47 134
49 131 50 135
52 131 54 133
55 131 56 136
62 131 62 142
104 131 106 134
112 131 112 138
116 131 119 133
140 131 141 135
182 131 183 136
184 131 184 140
185 131 185 142
0 132 0 139
1 132 1 141
4 132 4 140
36 132 37 136
40 132 41 136
63 132 65 134
68 132 71 133
77 132 79 134
84 132 87 134
88 132 88 140
108 132 110 135
122 132 122 141
137 132 138 136
163 132 164 137
165 132 165 140
169 132 169 140
186 132 187 137
193 132 193 142
7 133 10 134
14 133 17 134
18 133 18 142
58 133 59 138
81 133 82 137
114 133 114 141
124 133 125 137
129 133 130 138
133 133 134 138
135 133 135 143
144 133 145 137
155 133 156 136
158 133 160 136
168 133 168 144
176 133 176 140
179 133 181 136
188 133 189 138
194 133 194 142
198 133 198 144
20 134 20 145
23 134 24 137
28 134 28 145
29 134 29 143
31 134 34 135
52 134 54 137
68 134 68 144
69 134 71 137
73 134 74 138
89 134 91 136
100 134 102 137
107 134 107 144
116 134 119 135
142 134 142 144
149 134 150 139
153 134 153 145
166 134 166 144
171 134 172 137
190 134 191 139
195 134 196 138
5 135 8 136
9 135 9 143
10 135 10 143
15 135 15 145
16 135 17 140
25 135 26 138
38 135 39 138
45 135 47 137
63 135 65 137
75 135 77 137
78 135 79 139
84 135 86 137
87 135 87 146
93 135 94 139
99 135 99 142
104 135 105 138
106 135 106 144
128 135 128 142
152 135 152 145
157 135 157 142
173 135 173 143
12 136 12 143
14 136 14 147
19 136 19 143
22 136 22 143
30 136 33 137
34 136 34 143
42 136 42 145
49 136 51 138
66 136 67 139
96 136 98 138
108 136 110 139
116 136 119 138
136 136 136 147
140 136 141 140
174 136 174 146
5 137 7 139
8 137 8 145
36 137 37 141
40 137 41 142
55 137 57 139
83 137 83 144
89 137 92 139
132 137 132 148
137 137 139 140
146 137 146 145
151 137 151 144
155 137 156 140
158 137 160 140
170 137 170 145
177 137 181 138
182 137 183 142
192 137 192 147
197 137 197 145
13 138 13 149
23 138 24 141
30 138 33 140
43 138 43 149
45 138 47 140
52 138 54 141
61 138 61 147
63 138 65 140
69 138 71 141
75 138 76 143
80 138 82 140
84 138 86 140
100 138 102 140
103 138 103 147
111 138 111 149
120 138 121 141
123 138 125 141
127 138 127 145
143 138 145 140
163 138 164 142
171 138 172 143
175 138 175 145
186 138 187 142
199 138 199 146
2 139 2 148
21 139 21 146
25 139 27 141
38 139 39 142
48 139 51 141
59 139 59 150
72 139 74 142
96 139 98 141
104 139 105 144
112 139 112 146
115 139 119 140
129 139 130 143
133 139 134 144
162 139 162 146
177 139 180 141
181 139 181 149
188 139 189 144
195 139 196 144
0 140 0 147
3 140 3 149
5 140 5 147
6 140 7 145
35 140 35 149
55 140 57 142
66 140 67 143
77 140 79 142
89 140 93 141
94 140 94 147
108 140 110 142
149 140 150 144
161 140 161 147
190 140 191 144
4 141 4 151
16 141 17 146
30 141 33 142
44 141 47 142
60 141 60 151
64 141 65 145
80 141 82 144
84 141 86 144
88 141 88 149
100 141 102 143
113 141 113 152
115 141 117 143
118 141 119 145
126 141 126 149
131 141 131 148
137 141 139 143
140 141 141 144
143 141 145 143
147 141 148 145
155 141 156 145
158 141 160 143
165 141 165 152
169 141 169 151
176 141 176 151
184 141 184 148
1 142 1 153
11 142 11 152
23 142 26 143
27 142 27 150
36 142 37 146
48 142 52 143
53 142 54 147
58 142 58 153
63 142 63 153
69 142 71 144
89 142 92 143
93 142 93 151
95 142 98 143
114 142 114 152
120 142 123 143
124 142 125 146
154 142 154 150
167 142 167 150
177 142 180 144
18 143 18 152
30 143 32 146
33 143 33 150
38 143 41 144
44 143 47 145
55 143 56 146
57 143 57 154
62 143 62 150
72 143 74 145
77 143 79 145
99 143 99 151
108 143 110 146
128 143 128 151
157 143 157 151
163 143 164 148
182 143 183 148
185 143 187 145
193 143 194 147
9 144 9 155
10 144 10 152
12 144 12 152
19 144 19 152
22 144 26 145
29 144 29 151
34 144 34 155
48 144 51 145
52 144 52 154
66 144 67 148
75 144 76 148
89 144 91 147
92 144 92 152
95 144 98 145
100 144 102 146
115 144 117 146
120 144 123 146
130 144 130 152
135 144 135 151
137 144 139 147
143 144 145 147
158 144 160 146
171 144 173 147
38 145 41 146
68 145 70 147
71 145 71 153
80 145 83 146
84 145 86 148
104 145 106 147
107 145 107 153
133 145 134 150
140 145 142 147
149 145 151 147
166 145 166 156
177 145 179 147
180 145 180 155
188 145 191 147
195 145 196 150
6 146 8 149
15 146 15 154
22 146 25 147
26 146 26 156
42 146 42 153
44 146 51 146
64 146 65 149
73 146 74 150
79 146 79 154
95 146 97 148
98 146 98 154
118 146 119 149
127 146 127 154
146 146 148 148
152 146 153 150
155 146 156 151
168 146 168 157
170 146 170 153
175 146 175 157
185 146 187 148
197 146 198 149
16 147 17 150
21 147 21 158
30 147 31 150
32 147 32 155
36 147 41 148
44 147 48 148
49 147 51 150
55 147 56 151
80 147 83 149
87 147 87 157
100 147 102 149
108 147 110 149
112 147 112 155
115 147 116 152
117 147 117 154
120 147 124 148
125 147 125 157
129 147 129 158
158 147 160 149
162 147 162 157
174 147 174 155
199 147 199 154
0 148 0 157
5 148 5 159
14 148 14 159
22 148 25 150
28 148 28 159
53 148 53 158
54 148 54 159
61 148 61 157
68 148 70 151
89 148 91 151
94 148 94 155
103 148 106 150
136 148 139 149
140 148 144 149
149 148 149 157
150 148 150 157
151 148 151 159
161 148 161 156
171 148 173 150
177 148 179 150
188 148 191 150
192 148 194 151
2 149 2 160
20 149 20 160
36 149 40 150
41 149 41 156
44 149 47 151
48 149 48 156
66 149 67 152
75 149 77 151
84 149 86 151
95 149 97 151
120 149 124 150
131 149 132 152
145 149 147 152
148 149 148 158
163 149 164 154
182 149 187 150
3 150 3 160
6 150 8 152
13 150 13 159
35 150 35 158
43 150 43 161
64 150 65 154
80 150 82 152
83 150 83 161
88 150 88 159
100 150 100 157
102 150 102 157
108 150 111 152
118 150 119 154
126 150 126 157
136 150 141 151
142 150 144 152
158 150 160 152
181 150 181 161
197 150 198 154
16 151 17 155
22 151 25 153
27 151 27 160
30 151 31 154
33 151 33 158
36 151 39 152
40 151 40 158
49 151 51 153
59 151 59 161
62 151 62 159
72 151 74 153
78 151 78 162
103 151 105 153
120 151 124 152
133 151 134 156
152 151 154 154
167 151 167 158
171 151 173 153
177 151 179 154
182 151 191 151
195 151 196 154
4 152 4 163
29 152 29 163
44 152 45 156
46 152 47 157
55 152 56 156
60 152 60 160
68 152 70 154
77 152 77 162
84 152 86 154
89 152 90 155
93 152 93 160
95 152 97 155
99 152 99 159
106 152 106 163
128 152 128 160
135 152 139 153
140 152 140 160
141 152 141 160
155 152 157 154
169 152 169 160
176 152 176 159
182 152 189 152
190 152 193 153
194 152 194 160
6 153 7 158
8 153 8 161
10 153 12 155
18 153 19 156
36 153 39 155
66 153 67 157
76 153 76 164
80 153 81 156
91 153 92 158
108 153 111 155
113 153 116 154
120 153 123 154
124 153 124 160
130 153 132 155
142 153 145 154
146 153 146 162
147 153 147 163
158 153 160 155
182 153 189 153
1 154 1 164
22 154 24 156
42 154 42 163
49 154 50 159
51 154 51 164
58 154 58 161
63 154 63 161
71 154 71 163
72 154 74 157
103 154 105 156
107 154 107 161
135 154 139 155
170 154 172 156
182 154 190 154
191 154 193 156
15 155 15 166
30 155 30 162
31 155 31 164
52 155 52 164
57 155 57 165
64 155 65 160
68 155 70 158
75 155 75 166
79 155 79 166
84 155 86 158
98 155 98 164
113 155 122 155
123 155 123 162
127 155 127 165
142 155 145 157
152 155 157 156
163 155 165 157
173 155 173 166
177 155 179 157
182 155 187 156
188 155 190 157
195 155 198 157
199 155 199 165
9 156 11 158
12 156 12 165
16 156 17 160
25 156 25 167
32 156 32 166
34 156 34 167
36 156 39 157
82 156 82 167
89 156 90 160
94 156 96 158
97 156 97 164
101 156 101 167
108 156 115 156
116 156 119 157
120 156 122 158
130 156 132 159
135 156 138 158
139 156 139 167
158 156 159 160
160 156 160 167
174 156 174 164
180 156 180 167
18 157 19 162
22 157 24 160
26 157 26 165
41 157 41 164
44 157 45 161
48 157 48 167
55 157 56 160
80 157 81 162
103 157 105 159
108 157 111 158
112 157 114 159
133 157 134 160
152 157 156 158
157 157 157 166
161 157 161 168
166 157 166 164
170 157 172 159
182 157 184 159
185 157 186 162
187 157 187 164
191 157 192 160
193 157 193 165
0 158 0 167
36 158 39 159
46 158 47 162
61 158 61 165
66 158 67 162
73 158 74 162
87 158 87 167
100 158 100 165
102 158 102 165
115 158 119 159
125 158 126 161
142 158 145 159
149 158 150 162
162 158 164 160
165 158 165 168
168 158 168 168
177 158 179 160
188 158 190 160
195 158 197 161
198 158 198 165
6 159 7 163
9 159 11 162
21 159 21 167
33 159 33 170
35 159 35 167
40 159 40 167
53 159 53 169
68 159 70 161
72 159 72 170
84 159 86 161
91 159 92 164
94 159 96 161
108 159 110 161
120 159 122 161
129 159 129 167
135 159 137 161
138 159 138 170
148 159 148 170
152 159 155 160
167 159 167 167
5 160 5 170
13 160 13 169
28 160 28 168
36 160 39 162
49 160 50 165
54 160 54 168
62 160 62 170
88 160 88 171
99 160 99 167
103 160 105 163
111 160 119 160
130 160 132 162
142 160 145 161
151 160 151 168
156 160 156 171
170 160 170 170
171 160 171 168
175 160 176 164
182 160 184 163
2 161 3 165
16 161 17 165
20 161 20 168
22 161 24 163
27 161 27 172
55 161 56 165
60 161 60 169
64 161 65 166
89 161 90 166
93 161 93 169
111 161 119 161
124 161 124 170
128 161 128 172
133 161 134 164
140 161 141 166
152 161 154 163
155 161 155 169
158 161 159 165
162 161 164 163
169 161 169 171
177 161 178 165
179 161 179 169
188 161 191 162
192 161 192 170
194 161 194 171
8 162 8 170
14 162 14 173
43 162 45 164
58 162 59 165
63 162 63 173
68 162 70 164
83 162 86 164
94 162 96 164
107 162 114 162
115 162 122 162
125 162 126 166
135 162 137 164
142 162 143 165
144 162 144 170
145 162 145 172
181 162 181 171
195 162 196 167
197 162 197 171
9 163 11 165
18 163 19 167
30 163 30 171
36 163 39 164
46 163 47 168
66 163 66 172
73 163 74 168
77 163 78 167
80 163 80 174
81 163 81 171
107 163 116 163
117 163 121 164
122 163 123 168
130 163 131 167
146 163 146 173
149 163 150 168
185 163 186 166
188 163 191 165
6 164 7 167
22 164 23 167
24 164 24 175
29 164 29 175
42 164 42 173
71 164 71 172
103 164 112 164
113 164 115 167
116 164 116 173
147 164 147 173
152 164 154 166
162 164 164 166
182 164 184 167
1 165 1 176
31 165 31 172
36 165 39 166
41 165 41 175
43 165 45 167
51 165 52 169
67 165 68 170
69 165 70 170
83 165 85 167
86 165 86 173
91 165 92 169
94 165 95 168
96 165 98 168
103 165 108 166
109 165 111 167
112 165 112 173
117 165 121 166
132 165 136 166
137 165 137 172
166 165 166 172
174 165 176 168
187 165 187 174
2 166 4 169
9 166 12 167
16 166 17 171
26 166 26 174
49 166 50 170
55 166 58 168
59 166 59 176
61 166 61 177
100 166 100 176
102 166 102 175
127 166 127 174
142 166 143 169
158 166 158 175
159 166 159 176
177 166 178 171
188 166 190 168
191 166 191 177
193 166 193 177
198 166 198 177
199 166 199 176
15 167 15 177
32 167 32 175
36 167 37 170
39 167 39 176
65 167 65 175
75 167 76 172
79 167 79 178
89 167 90 172
103 167 108 168
117 167 119 169
120 167 120 176
121 167 121 177
125 167 126 170
132 167 136 168
140 167 141 171
152 167 154 169
157 167 157 175
162 167 164 170
172 167 173 171
185 167 186 171
0 168 0 175
6 168 7 173
9 168 12 170
18 168 19 171
21 168 23 170
25 168 25 175
34 168 35 171
40 168 40 179
43 168 45 170
48 168 48 179
77 168 78 172
82 168 83 173
84 168 85 173
87 168 87 175
99 168 99 176
101 168 101 178
109 168 111 170
113 168 115 170
129 168 131 170
139 168 139 175
160 168 160 176
167 168 167 175
182 168 184 171
195 168 196 173
20 169 20 177
28 169 28 176
38 169 38 180
46 169 47 173
54 169 58 170
64 169 64 180
73 169 74 172
94 169 97 170
98 169 98 176
103 169 105 172
107 169 108 174
122 169 123 173
132 169 135 170
136 169 136 180
149 169 151 171
161 169 161 176
165 169 165 178
168 169 168 178
171 169 171 179
174 169 175 173
176 169 176 178
180 169 180 180
188 169 190 172
2 170 4 172
13 170 13 181
51 170 53 172
60 170 60 181
91 170 93 172
117 170 118 173
142 170 143 173
152 170 154 172
155 170 155 177
179 170 179 179
5 171 5 179
8 171 12 172
21 171 23 173
33 171 33 178
36 171 37 174
43 171 45 173
49 171 50 175
54 171 57 172
58 171 58 181
62 171 62 182
67 171 69 174
70 171 70 182
72 171 72 178
94 171 97 173
109 171 110 176
111 171 111 181
113 171 115 173
124 171 126 173
129 171 129 179
130 171 135 172
144 171 144 182
148 171 148 178
162 171 162 181
163 171 163 182
164 171 164 178
170 171 170 178
192 171 192 180
16 172 18 174
19 172 19 182
30 172 30 180
34 172 35 175
81 172 81 179
88 172 88 181
106 172 106 183
119 172 119 183
138 172 138 183
140 172 141 176
150 172 151 176
156 172 156 182
169 172 169 179
172 172 173 177
177 172 178 176
181 172 185 173
186 172 186 182
194 172 194 183
197 172 197 183
2 173 4 175
8 173 12 174
31 173 31 180
51 173 55 174
56 173 57 178
66 173 66 183
71 173 71 181
73 173 76 174
77 173 78 176
89 173 92 174
93 173 93 182
103 173 105 176
128 173 128 180
130 173 133 174
134 173 134 183
135 173 135 180
137 173 137 183
145 173 145 182
152 173 154 176
166 173 166 183
188 173 190 175
6 174 7 178
14 174 14 182
22 174 23 179
27 174 27 185
42 174 46 175
47 174 47 184
82 174 85 175
86 174 86 185
94 174 96 176
97 174 97 183
112 174 117 175
118 174 118 181
122 174 123 177
124 174 126 177
142 174 143 178
146 174 147 178
174 174 174 181
181 174 181 185
182 174 185 176
195 174 196 178
8 175 11 176
12 175 12 183
16 175 17 178
18 175 18 182
21 175 21 186
26 175 26 182
36 175 37 179
51 175 55 176
67 175 69 177
73 175 76 177
80 175 80 184
89 175 92 177
107 175 108 179
127 175 127 185
130 175 132 178
133 175 133 182
149 175 149 186
187 175 187 182
0 176 0 186
2 176 4 178
24 176 25 180
29 176 29 187
32 176 32 185
34 176 35 180
41 176 44 177
45 176 45 185
46 176 46 186
49 176 50 179
65 176 65 185
82 176 85 177
87 176 87 183
102 176 102 185
112 176 115 177
116 176 116 185
117 176 117 184
139 176 139 183
157 176 158 181
167 176 167 184
188 176 190 179
1 177 1 186
8 177 9 181
10 177 11 182
28 177 28 184
39 177 39 185
51 177 54 179
55 177 55 185
59 177 59 184
77 177 78 180
94 177 96 180
98 177 100 180
103 177 105 179
109 177 109 187
110 177 110 185
120 177 120 187
140 177 141 181
150 177 154 178
159 177 161 179
177 177 178 180
182 177 183 181
184 177 185 181
199 177 199 185
15 178 15 186
20 178 20 186
41 178 44 179
61 178 61 189
67 178 68 181
69 178 69 185
73 178 76 180
82 178 85 179
89 178 91 181
92 178 92 188
112 178 115 179
121 178 125 179
126 178 126 187
155 178 155 185
172 178 173 183
193 178 193 186
198 178 198 185
2 179 4 181
6 179 7 183
16 179 17 183
33 179 33 190
56 179 57 183
72 179 72 187
79 179 79 188
101 179 101 190
130 179 132 181
143 179 143 186
146 179 148 181
150 179 154 180
164 179 165 183
168 179 168 190
170 179 170 190
175 179 176 183
195 179 196 183
5 180 5 190
22 180 23 184
36 180 37 183
40 180 41 185
42 180 42 189
43 180 44 185
48 180 51 181
52 180 54 183
81 180 85 181
103 180 105 182
107 180 108 183
112 180 115 181
121 180 125 181
129 180 129 190
159 180 161 183
169 180 169 188
171 180 171 187
179 180 179 188
188 180 190 182
24 181 25 185
30 181 31 186
34 181 34 190
38 181 38 189
63 181 64 185
73 181 78 182
94 181 96 183
98 181 100 184
128 181 128 189
135 181 136 186
142 181 142 192
150 181 154 182
177 181 178 185
191 181 192 184
2 182 3 186
4 182 4 191
8 182 9 185
13 182 13 189
48 182 50 184
51 182 51 190
58 182 58 189
67 182 68 187
71 182 71 191
81 182 85 183
88 182 91 184
111 182 114 183
115 182 115 193
118 182 118 192
121 182 125 183
130 182 132 185
140 182 141 185
146 182 148 184
157 182 158 187
162 182 162 191
174 182 174 192
182 182 185 184
10 183 10 190
11 183 11 193
14 183 14 194
18 183 19 188
26 183 26 194
60 183 60 194
62 183 62 191
70 183 70 192
73 183 76 184
77 183 78 187
93 183 93 194
103 183 105 186
133 183 133 191
144 183 145 186
150 183 154 184
156 183 156 190
163 183 163 190
180 183 180 194
186 183 188 185
189 183 189 192
6 184 7 187
12 184 12 191
16 184 17 188
35 184 37 187
52 184 54 186
56 184 57 188
66 184 66 191
81 184 81 191
83 184 85 187
87 184 87 195
94 184 97 186
106 184 108 186
111 184 113 186
119 184 119 191
121 184 124 185
125 184 125 193
134 184 134 194
137 184 139 187
159 184 161 187
164 184 166 187
172 184 173 189
175 184 176 187
190 184 190 195
194 184 196 186
197 184 197 195
22 185 23 188
28 185 28 193
47 185 50 187
59 185 59 194
73 185 76 186
80 185 80 192
82 185 82 196
88 185 90 187
98 185 100 187
117 185 117 192
146 185 146 192
147 185 147 194
148 185 148 195
150 185 153 186
167 185 167 193
182 185 185 187
191 185 192 190
8 186 9 190
24 186 25 190
27 186 27 194
32 186 32 197
39 186 41 188
43 186 44 190
45 186 45 194
55 186 55 197
63 186 65 188
69 186 69 195
86 186 86 197
91 186 91 197
102 186 102 194
110 186 110 194
114 186 114 197
116 186 116 193
121 186 124 188
127 186 127 195
130 186 132 189
140 186 141 190
154 186 155 191
177 186 177 194
178 186 178 196
181 186 181 194
186 186 188 188
198 186 198 195
199 186 199 197
0 187 3 189
15 187 15 197
20 187 21 191
30 187 31 192
46 187 46 194
53 187 54 192
73 187 76 189
94 187 95 192
96 187 97 190
103 187 107 188
108 187 108 196
111 187 113 189
135 187 136 190
143 187 144 190
145 187 145 196
149 187 152 188
153 187 153 195
193 187 196 188
6 188 7 192
29 188 29 198
35 188 37 190
47 188 49 190
50 188 50 195
67 188 68 191
72 188 72 196
77 188 78 191
83 188 85 190
88 188 89 193
90 188 90 195
98 188 99 193
100 188 100 197
109 188 109 199
120 188 120 195
126 188 126 196
137 188 139 191
157 188 161 189
164 188 166 190
171 188 171 199
175 188 176 191
182 188 185 189
16 189 19 191
22 189 23 193
39 189 41 192
52 189 52 200
56 189 57 194
63 189 65 191
79 189 79 199
92 189 92 196
103 189 107 190
121 189 123 191
149 189 152 190
169 189 169 199
179 189 179 200
186 189 188 192
193 189 196 190
0 190 3 191
13 190 13 197
38 190 38 197
42 190 42 197
58 190 58 197
61 190 61 197
73 190 76 191
111 190 113 193
128 190 128 198
130 190 130 198
131 190 131 197
132 190 132 199
157 190 161 191
172 190 173 194
182 190 185 191
5 191 5 199
8 191 10 193
24 191 25 195
33 191 36 192
37 191 37 201
43 191 44 195
47 191 49 193
51 191 51 198
83 191 85 193
96 191 97 194
103 191 107 192
124 191 124 202
129 191 129 198
135 191 136 196
140 191 141 194
143 191 144 194
149 191 152 192
156 191 156 198
163 191 166 192
168 191 168 201
191 191 196 192
0 192 0 203
1 192 4 194
12 192 12 202
16 192 21 193
62 192 65 194
66 192 68 195
71 192 71 200
73 192 75 194
76 192 78 195
81 192 81 203
101 192 101 203
119 192 119 201
121 192 123 195
133 192 133 201
137 192 137 199
139 192 139 201
154 192 155 196
157 192 159 194
160 192 162 194
170 192 170 203
175 192 176 196
182 192 184 194
185 192 185 199
6 193 7 197
30 193 31 197
33 193 36 194
39 193 41 196
53 193 54 198
70 193 70 200
80 193 80 201
94 193 95 196
103 193 106 195
117 193 118 198
142 193 142 200
146 193 146 202
149 193 151 195
152 193 152 200
163 193 165 195
166 193 166 203
174 193 174 201
186 193 189 195
191 193 193 196
194 193 196 195
8 194 10 196
11 194 11 205
16 194 19 195
20 194 21 199
22 194 23 199
28 194 28 202
47 194 49 196
83 194 85 197
88 194 89 199
98 194 99 199
107 194 107 205
111 194 113 196
115 194 116 197
125 194 125 204
167 194 167 203
2 195 2 205
3 195 3 206
4 195 4 205
27 195 27 204
33 195 36 197
45 195 46 200
56 195 57 198
59 195 60 200
62 195 65 196
73 195 75 197
93 195 93 202
96 195 97 200
102 195 102 206
110 195 110 202
134 195 134 202
140 195 141 198
143 195 144 198
147 195 147 203
157 195 160 196
161 195 162 199
172 195 172 203
177 195 177 204
180 195 184 196
16 196 19 198
24 196 24 203
25 196 26 201
43 196 44 200
50 196 50 205
66 196 69 198
76 196 78 198
87 196 87 207
90 196 90 203
103 196 106 197
120 196 123 198
127 196 127 207
148 196 150 198
151 196 151 205
153 196 153 203
163 196 165 199
186 196 190 197
194 196 197 197
198 196 198 203
8 197 10 199
14 197 14 208
39 197 41 199
47 197 49 199
62 197 64 199
65 197 65 205
72 197 72 205
82 197 82 204
92 197 92 207
94 197 94 208
95 197 95 207
108 197 108 207
111 197 112 202
113 197 113 206
126 197 126 204
135 197 136 202
145 197 145 204
154 197 155 200
157 197 160 198
175 197 176 201
178 197 178 204
180 197 183 198
184 197 184 205
191 197 193 200
1 198 1 209
6 198 7 202
13 198 13 205
15 198 15 209
30 198 31 201
32 198 36 199
38 198 38 206
42 198 42 206
58 198 58 206
61 198 61 206
73 198 74 202
75 198 75 207
83 198 86 200
91 198 91 205
100 198 100 207
103 198 106 200
114 198 116 200
131 198 131 205
138 198 138 209
186 198 190 199
194 198 196 200
197 198 197 207
199 198 199 205
16 199 18 201
19 199 19 207
29 199 29 208
51 199 51 207
53 199 56 200
57 199 57 208
66 199 67 204
68 199 69 202
76 199 78 201
117 199 118 204
120 199 123 200
128 199 130 202
140 199 141 203
143 199 144 202
148 199 150 201
156 199 159 200
160 199 160 206
180 199 183 200
5 200 5 207
8 200 10 202
20 200 23 202
32 200 34 203
35 200 36 205
39 200 40 203
47 200 49 203
62 200 64 202
79 200 79 211
88 200 89 205
98 200 99 205
132 200 132 207
137 200 137 207
162 200 164 203
165 200 165 207
169 200 169 208
185 200 189 201
190 200 190 207
43 201 46 203
52 201 56 202
60 201 60 212
70 201 71 205
83 201 86 203
96 201 97 205
103 201 106 203
114 201 116 203
120 201 123 202
142 201 142 210
152 201 152 212
154 201 157 202
158 201 159 205
161 201 161 212
179 201 183 202
191 201 195 202
196 201 196 212
16 202 17 206
18 202 18 210
25 202 26 207
30 202 31 205
37 202 37 209
41 202 41 213
76 202 78 204
80 202 80 212
119 202 119 210
133 202 133 213
139 202 139 212
148 202 150 205
168 202 168 210
173 202 175 204
176 202 176 211
185 202 187 204
188 202 189 206
6 203 10 204
12 203 12 211
20 203 22 205
23 203 23 210
28 203 28 214
52 203 54 205
62 203 64 206
68 203 69 207
73 203 74 206
93 203 93 210
109 203 111 205
112 203 112 212
120 203 122 205
123 203 124 208
128 203 130 205
134 203 136 205
143 203 144 208
146 203 146 212
154 203 156 206
157 203 157 210
179 203 182 204
183 203 183 211
191 203 194 204
195 203 195 214
0 204 0 215
24 204 24 213
32 204 34 207
40 204 40 214
43 204 46 205
47 204 49 206
55 204 55 215
56 204 56 215
81 204 81 213
83 204 85 206
86 204 86 213
90 204 90 214
101 204 101 213
103 204 106 206
114 204 116 207
140 204 141 208
147 204 147 212
153 204 153 211
162 204 164 207
166 204 167 207
170 204 172 206
198 204 198 213
6 205 10 206
27 205 27 212
66 205 67 209
76 205 77 210
82 205 82 213
117 205 118 210
125 205 126 209
145 205 145 213
173 205 175 207
177 205 180 206
181 205 182 210
185 205 187 208
191 205 194 207
2 206 2 215
4 206 4 214
11 206 11 214
13 206 13 213
20 206 22 208
30 206 31 211
35 206 36 211
43 206 46 207
50 206 50 213
52 206 54 209
65 206 65 216
70 206 72 208
78 206 78 217
88 206 89 210
91 206 91 217
96 206 98 209
99 206 99 214
107 206 107 215
109 206 111 208
120 206 120 213
121 206 121 215
122 206 122 217
128 206 131 207
134 206 136 208
148 206 148 213
149 206 149 214
150 206 151 210
158 206 159 210
184 206 184 216
199 206 199 213
3 207 3 216
6 207 9 208
10 207 10 214
16 207 17 211
38 207 38 217
42 207 42 217
47 207 49 209
58 207 59 211
61 207 64 209
73 207 74 211
83 207 85 210
102 207 106 208
113 207 113 214
154 207 156 209
160 207 160 214
170 207 172 209
177 207 180 208
188 207 189 210
5 208 5 216
19 208 19 218
25 208 25 216
26 208 26 219
32 208 33 213
34 208 34 217
39 208 39 219
43 208 46 209
51 208 51 215
68 208 69 213
75 208 75 217
87 208 87 216
92 208 92 218
95 208 95 216
100 208 100 219
108 208 108 215
114 208 116 210
127 208 131 209
132 208 132 215
137 208 137 219
162 208 166 209
167 208 167 216
173 208 175 210
190 208 194 209
197 208 197 216
6 209 9 211
20 209 22 211
29 209 29 220
57 209 57 216
70 209 72 212
94 209 94 216
102 209 106 210
109 209 110 214
123 209 124 214
134 209 136 211
140 209 141 214
143 209 143 218
169 209 169 218
177 209 180 210
185 209 187 211
1 210 1 221
14 210 15 213
37 210 37 219
43 210 47 211
48 210 49 214
52 210 53 213
54 210 54 217
61 210 63 212
64 210 64 221
66 210 67 213
96 210 98 212
125 210 129 211
130 210 130 218
131 210 131 219
138 210 138 218
154 210 156 213
162 210 165 211
166 210 166 217
170 210 172 213
190 210 193 212
194 210 194 221
18 211 18 219
23 211 23 219
76 211 77 214
83 211 85 213
88 211 89 214
93 211 93 218
102 211 106 212
114 211 117 212
118 211 119 216
142 211 142 219
150 211 151 215
157 211 159 213
168 211 168 219
173 211 174 214
175 211 175 220
177 211 182 212
188 211 188 219
189 211 189 221
6 212 8 214
9 212 9 219
12 212 12 222
16 212 17 216
20 212 22 214
30 212 31 216
35 212 36 215
43 212 47 213
58 212 59 215
73 212 74 215
79 212 79 220
125 212 127 214
128 212 129 216
134 212 136 214
153 212 153 220
162 212 164 214
165 212 165 220
176 212 176 220
183 212 183 219
185 212 187 214
27 213 27 223
60 213 62 216
63 213 63 220
70 213 72 215
80 213 80 220
96 213 98 215
102 213 106 214
111 213 111 224
112 213 112 220
114 213 115 218
116 213 116 224
117 213 117 221
139 213 139 223
146 213 147 218
152 213 152 224
177 213 182 214
190 213 192 215
193 213 193 220
196 213 196 220
13 214 15 217
24 214 24 223
32 214 33 217
41 214 41 224
43 214 47 215
50 214 50 225
52 214 53 217
66 214 68 216
69 214 69 225
81 214 82 217
83 214 85 217
86 214 86 221
101 214 101 222
120 214 120 223
133 214 133 222
145 214 145 224
148 214 148 223
154 214 159 215
170 214 172 216
198 214 199 219
4 215 4 224
7 215 8 219
10 215 11 218
20 215 22 218
28 215 28 226
40 215 40 223
48 215 49 219
76 215 77 219
88 215 90 217
99 215 99 226
102 215 104 217
106 215 106 224
109 215 110 220
113 215 113 222
123 215 126 217
127 215 127 222
134 215 135 220
136 215 136 222
140 215 141 218
144 215 144 226
149 215 149 224
160 215 164 216
173 215 174 219
177 215 179 217
180 215 180 223
182 215 182 226
185 215 187 218
195 215 195 224
2 216 2 224
35 216 36 219
44 216 47 218
51 216 51 223
55 216 56 220
58 216 59 221
70 216 72 218
73 216 73 223
96 216 98 219
105 216 105 227
107 216 108 220
121 216 121 225
132 216 132 224
150 216 151 221
154 216 157 217
158 216 159 220
181 216 181 227
190 216 192 219
0 217 0 228
3 217 3 225
5 217 6 222
16 217 17 221
25 217 25 228
30 217 31 221
43 217 43 228
57 217 57 228
60 217 62 219
65 217 68 219
87 217 87 227
94 217 94 225
95 217 95 228
118 217 119 221
128 217 129 221
160 217 164 218
167 217 167 224
170 217 172 219
184 217 184 224
197 217 197 227
13 218 15 221
32 218 34 220
38 218 38 229
42 218 42 225
52 218 53 222
54 218 54 229
74 218 75 222
78 218 78 226
81 218 84 219
85 218 85 226
88 218 91 219
102 218 104 220
122 218 126 219
154 218 157 220
166 218 166 229
177 218 179 220
10 219 11 222
19 219 21 221
22 219 22 226
44 219 46 221
47 219 47 227
70 219 72 222
92 219 93 224
115 219 115 226
130 219 130 226
138 219 138 227
140 219 141 223
143 219 143 229
146 219 147 223
160 219 163 220
164 219 164 227
169 219 169 226
185 219 187 222
7 220 9 222
18 220 18 227
23 220 23 227
26 220 26 228
35 220 37 222
39 220 39 231
48 220 49 225
60 220 62 222
65 220 68 222
76 220 77 223
81 220 84 222
88 220 89 225
91 220 91 228
96 220 98 222
100 220 100 230
122 220 125 222
126 220 126 230
131 220 131 229
137 220 137 227
142 220 142 229
168 220 168 231
170 220 174 221
183 220 183 227
188 220 188 231
190 220 192 223
198 220 199 225
29 221 29 228
32 221 33 226
55 221 56 225
63 221 63 230
79 221 80 225
102 221 104 223
107 221 110 222
112 221 112 229
134 221 135 225
153 221 155 223
156 221 161 222
162 221 163 224
165 221 165 232
175 221 179 222
193 221 193 229
196 221 196 229
1 222 1 230
13 222 16 224
17 222 17 229
19 222 21 225
30 222 31 225
44 222 46 224
58 222 58 230
64 222 64 231
86 222 86 231
117 222 119 224
128 222 129 226
150 222 151 226
170 222 172 224
189 222 189 230
194 222 194 232
5 223 9 224
10 223 12 225
34 223 36 226
37 223 37 233
52 223 53 227
59 223 61 225
62 223 62 231
65 223 67 225
68 223 68 232
70 223 72 225
74 223 75 226
81 223 84 225
96 223 98 226
101 223 101 234
107 223 109 225
110 223 110 233
113 223 114 228
122 223 124 225
125 223 125 232
127 223 127 231
133 223 133 232
136 223 136 231
156 223 158 225
159 223 159 232
160 223 161 227
173 223 177 224
178 223 179 227
185 223 186 228
187 223 187 234
24 224 24 232
27 224 27 235
40 224 40 231
51 224 51 232
73 224 73 232
76 224 77 227
102 224 104 226
120 224 120 231
139 224 141 226
146 224 148 227
153 224 155 226
180 224 180 234
190 224 191 227
192 224 192 231
2 225 2 233
4 225 8 226
13 225 14 230
15 225 16 229
41 225 41 233
44 225 46 227
90 225 90 236
106 225 106 233
111 225 111 232
116 225 118 227
119 225 119 235
132 225 132 232
145 225 145 232
149 225 149 236
162 225 163 228
167 225 167 233
170 225 173 226
174 225 174 234
175 225 177 228
184 225 184 233
195 225 195 233
3 226 3 237
9 226 11 228
12 226 12 234
19 226 21 228
30 226 31 230
42 226 42 233
48 226 49 229
50 226 50 235
55 226 56 231
59 226 60 229
61 226 61 234
65 226 67 228
69 226 72 228
79 226 83 227
88 226 89 230
92 226 94 229
107 226 109 228
121 226 123 228
134 226 135 230
156 226 158 229
198 226 199 231
4 227 8 228
22 227 22 234
28 227 28 235
32 227 36 228
74 227 75 231
78 227 78 235
84 227 85 231
96 227 99 228
102 227 103 230
104 227 104 235
115 227 115 237
124 227 124 238
129 227 129 234
130 227 130 237
139 227 141 229
150 227 153 228
154 227 155 232
169 227 173 228
18 228 18 235
23 228 23 237
44 228 47 230
52 228 53 231
76 228 77 232
79 228 81 230
82 228 83 231
87 228 87 235
105 228 105 239
116 228 117 233
137 228 138 232
146 228 148 231
160 228 161 231
164 228 164 235
178 228 179 231
181 228 183 231
190 228 191 232
197 228 197 238
0 229 0 236
4 229 8 230
9 229 11 232
19 229 21 232
25 229 26 233
29 229 29 238
32 229 36 230
57 229 57 237
65 229 67 231
69 229 71 231
72 229 72 240
91 229 91 240
95 229 99 230
107 229 109 231
113 229 113 236
114 229 114 240
121 229 123 231
150 229 153 231
163 229 163 237
169 229 172 230
173 229 173 237
175 229 176 234
177 229 177 236
185 229 186 232
15 230 16 235
17 230 17 241
38 230 38 239
48 230 49 234
59 230 60 234
92 230 92 241
93 230 94 234
112 230 112 241
118 230 118 241
128 230 128 241
131 230 131 241
139 230 142 231
143 230 144 235
156 230 158 232
162 230 162 241
193 230 193 238
196 230 196 237
1 231 1 241
4 231 8 232
13 231 14 234
30 231 34 232
35 231 36 234
43 231 47 232
58 231 58 242
63 231 63 238
79 231 81 233
88 231 89 234
95 231 100 232
102 231 103 236
126 231 126 242
134 231 135 235
169 231 171 233
172 231 172 242
189 231 189 239
39 232 40 237
52 232 53 236
54 232 56 235
62 232 62 242
64 232 67 234
69 232 70 235
71 232 71 243
74 232 75 235
82 232 83 237
84 232 86 235
107 232 109 235
120 232 122 235
127 232 127 239
136 232 136 242
139 232 142 234
146 232 148 235
150 232 152 234
153 232 153 243
160 232 161 236
168 232 168 239
178 232 179 235
181 232 183 234
188 232 188 240
192 232 192 239
198 232 198 240
199 232 199 240
4 233 8 234
9 233 11 236
19 233 21 236
24 233 24 244
30 233 34 234
43 233 45 235
46 233 46 241
51 233 51 242
68 233 68 244
73 233 73 244
76 233 77 236
95 233 98 234
99 233 100 237
111 233 111 241
125 233 125 242
132 233 133 238
137 233 138 237
145 233 145 243
154 233 159 234
165 233 166 237
185 233 186 237
190 233 190 244
194 233 194 241
2 234 2 241
25 234 26 237
37 234 37 245
41 234 42 239
79 234 81 237
106 234 106 245
110 234 110 245
116 234 117 238
123 234 123 245
167 234 167 243
169 234 171 237
184 234 184 242
195 234 195 241
4 235 7 237
8 235 8 242
12 235 14 238
22 235 22 242
30 235 35 236
36 235 36 245
47 235 49 238
59 235 61 237
65 235 65 246
67 235 67 244
88 235 89 239
93 235 96 236
97 235 98 239
101 235 101 242
129 235 129 246
139 235 142 237
150 235 152 238
154 235 158 236
159 235 159 246
174 235 176 238
180 235 182 237
183 235 183 244
187 235 187 242
15 236 16 241
18 236 18 246
28 236 28 246
43 236 43 245
44 236 44 245
50 236 50 246
54 236 56 239
69 236 70 241
74 236 75 240
78 236 78 247
84 236 87 237
104 236 104 243
107 236 109 239
119 236 121 238
122 236 122 245
134 236 135 241
143 236 144 241
146 236 148 238
164 236 164 246
178 236 179 240
0 237 0 248
9 237 11 239
20 237 20 246
30 237 34 238
35 237 35 245
53 237 53 246
64 237 64 248
66 237 66 248
76 237 77 242
90 237 90 248
93 237 96 238
102 237 103 242
113 237 113 244
149 237 149 248
154 237 155 242
156 237 158 240
160 237 161 242
177 237 177 248
3 238 3 249
4 238 4 249
5 238 7 241
19 238 19 249
23 238 23 246
25 238 26 243
39 238 40 243
57 238 57 249
59 238 61 241
79 238 86 238
87 238 87 247
99 238 99 249
100 238 100 246
115 238 115 249
130 238 130 249
137 238 140 239
141 238 142 243
163 238 163 249
165 238 166 243
169 238 171 240
173 238 173 245
180 238 182 241
185 238 186 242
196 238 196 246
12 239 14 241
29 239 33 240
34 239 34 249
47 239 49 241
63 239 63 249
79 239 79 249
80 239 82 242
83 239 86 241
93 239 94 244
95 239 96 243
117 239 117 247
119 239 121 241
124 239 124 249
132 239 133 243
146 239 148 241
150 239 152 241
174 239 176 241
193 239 193 249
197 239 197 246
9 240 11 242
38 240 38 248
41 240 42 245
54 240 56 243
88 240 89 243
97 240 98 244
105 240 105 249
107 240 109 242
127 240 127 249
137 240 140 241
168 240 168 249
189 240 189 249
191 240 192 245
29 241 33 242
72 241 72 249
74 241 75 246
156 241 157 244
158 241 158 249
169 241 170 245
171 241 171 249
178 241 179 245
188 241 188 249
198 241 199 246
1 242 2 247
5 242 7 245
12 242 15 243
16 242 17 246
45 242 46 247
48 242 49 247
59 242 60 245
69 242 70 246
83 242 85 245
91 242 92 246
111 242 112 245
118 242 121 243
128 242 128 249
137 242 140 244
143 242 144 247
148 242 148 249
150 242 151 247
152 242 152 249
162 242 162 249
174 242 176 245
180 242 182 245
194 242 195 246
8 243 10 245
21 243 22 246
29 243 31 246
32 243 33 246
51 243 52 246
61 243 62 248
76 243 77 248
80 243 82 245
101 243 102 246
107 243 108 248
125 243 126 248
134 243 136 246
154 243 155 246
160 243 161 246
184 243 187 244
11 244 15 245
25 244 27 246
39 244 40 248
54 244 56 247
88 244 89 247
95 244 96 249
103 244 104 249
118 244 121 245
131 244 132 249
141 244 142 249
145 244 147 247
165 244 167 246
67 245 68 249
97 245 98 249
113 245 114 249
137 245 138 249
156 245 157 249
183 245 187 246
5 246 8 247
9 246 13 247
35 246 37 249
41 246 44 247
58 246 60 249
80 246 85 247
109 246 111 249
118 246 123 247
169 246 170 249
172 246 174 249
175 246 176 249
178 246 182 247
190 246 192 249
14 247 18 248
20 247 22 249
23 247 28 248
29 247 32 249
50 247 53 249
69 247 71 249
91 247 94 249
100 247 102 249
133 247 136 249
153 247 155 249
159 247 161 249
164 247 167 249
183 247 187 248
194 247 199 248
7 248 12 249
41 248 49 248
80 248 89 248
116 248 121 249
143 248 147 249
178 248 182 249
38 249 49 249
80 249 90 249
